<?xml version="1.0" encoding="UTF-8"?>
<!-- Generated by org.testng.reporters.JUnitReportReporter -->
<testsuite skipped="0" hostname="DESKTOP-H1HHDLN" name="AutomateWebApplication" tests="2" failures="0" timestamp="2022-10-08T13:19:52 IST" time="22.035" errors="0">
  <testcase name="registration" time="10.960" classname="AutomateWebApplication"/>
  <system-out/>
  <testcase name="login" time="11.075" classname="AutomateWebApplication"/>
  <system-out/>
</testsuite> <!-- AutomateWebApplication -->
